{
  "stats": {
    "suites": 1,
    "tests": 1,
    "passes": 1,
    "pending": 0,
    "failures": 0,
    "start": "2020-02-29T06:10:32.138Z",
    "end": "2020-02-29T06:10:43.842Z",
    "duration": 11704,
    "testsRegistered": 1,
    "passPercent": 100,
    "pendingPercent": 0,
    "other": 0,
    "hasOther": false,
    "skipped": 0,
    "hasSkipped": false
  },
  "results": [
    {
      "uuid": "3c087a08-3b8b-40b7-91f9-4523d252f228",
      "title": "",
      "fullFile": "",
      "file": "",
      "beforeHooks": [],
      "afterHooks": [],
      "tests": [],
      "suites": [
        {
          "uuid": "857d495a-ac0c-4630-bb94-04bba10194c3",
          "title": "MyTestSuite",
          "fullFile": "",
          "file": "",
          "beforeHooks": [],
          "afterHooks": [],
          "tests": [
            {
              "title": "Table Test",
              "fullTitle": "MyTestSuite Table Test",
              "timedOut": null,
              "duration": 7813,
              "state": "passed",
              "speed": "slow",
              "pass": true,
              "fail": false,
              "pending": false,
              "context": null,
              "code": "cy.visit('http://testautomationpractice.blogspot.com/');\ncy.get('table[name=BookTable]').contains('td', 'Learn Selenium').should('be.visible'); //  #HTML1 > div.widget-content > table > tbody > tr:nth-child(2) > td:nth-child(3)\ncy.get('table[name=BookTable] > tbody > tr:nth-child(2) > td:nth-child(3)').contains('Selenium').should('be.visible'); // #HTML1 > div.widget-content > table > tbody>tr td:nth-child(2)\n//table[name=BookTable]>tbody>tr td:nth-child(2)\ncy.get('table[name=BookTable]>tbody>tr td:nth-child(2)').each(function ($e, index, $list) {\n  var text = $e.text();\n  if (text.includes('Amod')) {\n    cy.get('table[name=BookTable]>tbody>tr td:nth-child(1)').eq(index).then(function (bname) {\n      var bookname = bname.text();\n      expect(bookname).to.equal('Master In Java');\n    });\n  }\n});",
              "err": {},
              "uuid": "d9abbb67-ded7-431e-b269-6cfd3d7a9c58",
              "parentUUID": "857d495a-ac0c-4630-bb94-04bba10194c3",
              "isHook": false,
              "skipped": false
            }
          ],
          "suites": [],
          "passes": [
            "d9abbb67-ded7-431e-b269-6cfd3d7a9c58"
          ],
          "failures": [],
          "pending": [],
          "skipped": [],
          "duration": 7813,
          "root": false,
          "rootEmpty": false,
          "_timeout": 2000
        }
      ],
      "passes": [],
      "failures": [],
      "pending": [],
      "skipped": [],
      "duration": 0,
      "root": true,
      "rootEmpty": true,
      "_timeout": 2000
    }
  ],
  "meta": {
    "mocha": {
      "version": "6.2.2"
    },
    "mochawesome": {
      "options": {
        "quiet": false,
        "reportFilename": "mochawesome",
        "saveHtml": false,
        "saveJson": true,
        "consoleReporter": "spec",
        "useInlineDiffs": false
      },
      "version": "4.1.0"
    },
    "marge": {
      "options": {
        "id": "default",
        "reportDir": "cypress/reports/mocha",
        "quite": true,
        "overwrite": false,
        "html": false,
        "json": true
      },
      "version": "4.0.1"
    }
  }
}