{
  "stats": {
    "suites": 1,
    "tests": 1,
    "passes": 1,
    "pending": 0,
    "failures": 0,
    "start": "2020-03-18T17:19:50.669Z",
    "end": "2020-03-18T17:20:23.917Z",
    "duration": 33248,
    "testsRegistered": 1,
    "passPercent": 100,
    "pendingPercent": 0,
    "other": 0,
    "hasOther": false,
    "skipped": 0,
    "hasSkipped": false
  },
  "results": [
    {
      "uuid": "870f6a6b-b1c9-47f4-9d4f-323e2ca1c7c4",
      "title": "",
      "fullFile": "",
      "file": "",
      "beforeHooks": [],
      "afterHooks": [],
      "tests": [],
      "suites": [
        {
          "uuid": "3c398c1c-2119-4c35-a7f1-1281a285a943",
          "title": "describe block",
          "fullFile": "",
          "file": "",
          "beforeHooks": [],
          "afterHooks": [],
          "tests": [
            {
              "title": "it block",
              "fullTitle": "describe block it block",
              "timedOut": null,
              "duration": 28831,
              "state": "passed",
              "speed": "slow",
              "pass": true,
              "fail": false,
              "pending": false,
              "context": null,
              "code": "var lp = new _LoginPage[\"default\"]();\nlp.visit();\nlp.fillEmail('admin@yourstore.com');\nlp.fillPassword('admin');\nlp.submit();\ncy.title().should('be.equal', 'Dashboard / nopCommerce administration');",
              "err": {},
              "uuid": "4e503695-ec23-46ad-93cd-e49c698f0517",
              "parentUUID": "3c398c1c-2119-4c35-a7f1-1281a285a943",
              "isHook": false,
              "skipped": false
            }
          ],
          "suites": [],
          "passes": [
            "4e503695-ec23-46ad-93cd-e49c698f0517"
          ],
          "failures": [],
          "pending": [],
          "skipped": [],
          "duration": 28831,
          "root": false,
          "rootEmpty": false,
          "_timeout": 2000
        }
      ],
      "passes": [],
      "failures": [],
      "pending": [],
      "skipped": [],
      "duration": 0,
      "root": true,
      "rootEmpty": true,
      "_timeout": 2000
    }
  ],
  "meta": {
    "mocha": {
      "version": "6.2.2"
    },
    "mochawesome": {
      "options": {
        "quiet": false,
        "reportFilename": "mochawesome",
        "saveHtml": false,
        "saveJson": true,
        "consoleReporter": "spec",
        "useInlineDiffs": false
      },
      "version": "4.1.0"
    },
    "marge": {
      "options": {
        "id": "default",
        "reportDir": "cypress/reports/mocha",
        "quite": true,
        "overwrite": false,
        "html": false,
        "json": true
      },
      "version": "4.0.1"
    }
  }
}