{
  "stats": {
    "suites": 1,
    "tests": 1,
    "passes": 0,
    "pending": 0,
    "failures": 1,
    "start": "2021-02-22T06:48:37.749Z",
    "end": "2021-02-22T06:48:54.722Z",
    "duration": 16973,
    "testsRegistered": 1,
    "passPercent": 0,
    "pendingPercent": 0,
    "other": 0,
    "hasOther": false,
    "skipped": 0,
    "hasSkipped": false
  },
  "results": [
    {
      "uuid": "f244a854-7ac5-482f-8be9-2fd314267466",
      "title": "",
      "fullFile": "cypress\\integration\\Login.feature",
      "file": "cypress\\integration\\Login.feature",
      "beforeHooks": [],
      "afterHooks": [],
      "tests": [],
      "suites": [
        {
          "uuid": "f1ce0267-a9df-430f-b83f-7cb70e3b31fd",
          "title": "Login",
          "fullFile": "",
          "file": "",
          "beforeHooks": [],
          "afterHooks": [],
          "tests": [
            {
              "title": "conduit Login",
              "fullTitle": "Login conduit Login",
              "timedOut": null,
              "duration": 16857,
              "state": "failed",
              "speed": null,
              "pass": false,
              "fail": true,
              "pending": false,
              "context": null,
              "code": "const state = window.testState;\nreturn cy\n  .then(() => state.onStartScenario(scenario, indexedSteps))\n  .then(() =>\n    resolveAndRunBeforeHooks.call(this, scenario.tags, state.feature.name)\n  )\n  .then(() =>\n    indexedSteps.forEach((step) =>\n      stepTest.call(this, state, step, rowData)\n    )\n  )\n  .then(() =>\n    resolveAndRunAfterHooks.call(this, scenario.tags, state.feature.name)\n  )\n  .then(() => state.onFinishScenario(scenario));",
              "err": {
                "message": "AssertionError: Timed out retrying after 10000ms: Expected to find content: 'Your Feed' but never did.",
                "estack": "AssertionError: Timed out retrying after 10000ms: Expected to find content: 'Your Feed' but never did.\n    at Context.eval (http://react-redux.realworld.io/__cypress/tests?p=cypress\\integration\\Login.feature:53:6)\n    at Context.resolveAndRunStepDefinition (http://react-redux.realworld.io/__cypress/tests?p=cypress\\integration\\Login.feature:11750:9)\n    at Context.eval (http://react-redux.realworld.io/__cypress/tests?p=cypress\\integration\\Login.feature:11091:35)",
                "diff": null
              },
              "uuid": "aff52f5e-4a3e-49c3-8e2f-9b76d553a33d",
              "parentUUID": "f1ce0267-a9df-430f-b83f-7cb70e3b31fd",
              "isHook": false,
              "skipped": false
            }
          ],
          "suites": [],
          "passes": [],
          "failures": [
            "aff52f5e-4a3e-49c3-8e2f-9b76d553a33d"
          ],
          "pending": [],
          "skipped": [],
          "duration": 16857,
          "root": false,
          "rootEmpty": false,
          "_timeout": 2000
        }
      ],
      "passes": [],
      "failures": [],
      "pending": [],
      "skipped": [],
      "duration": 0,
      "root": true,
      "rootEmpty": true,
      "_timeout": 2000
    }
  ],
  "meta": {
    "mocha": {
      "version": "7.0.1"
    },
    "mochawesome": {
      "options": {
        "quiet": false,
        "reportFilename": "mochawesome",
        "saveHtml": false,
        "saveJson": true,
        "consoleReporter": "spec",
        "useInlineDiffs": false,
        "code": true
      },
      "version": "6.2.2"
    },
    "marge": {
      "options": {
        "id": "default",
        "reportDir": "cypress/reports/mocha",
        "quite": true,
        "overwrite": false,
        "html": false,
        "json": true
      },
      "version": "5.2.0"
    }
  }
}