{
  "stats": {
    "suites": 1,
    "tests": 1,
    "passes": 1,
    "pending": 0,
    "failures": 0,
    "start": "2020-01-06T07:59:08.822Z",
    "end": "2020-01-06T07:59:17.369Z",
    "duration": 8547,
    "testsRegistered": 1,
    "passPercent": 100,
    "pendingPercent": 0,
    "other": 0,
    "hasOther": false,
    "skipped": 0,
    "hasSkipped": false
  },
  "results": [
    {
      "uuid": "1332e735-e4cd-41a1-bc20-be8794893744",
      "title": "",
      "fullFile": "",
      "file": "",
      "beforeHooks": [],
      "afterHooks": [],
      "tests": [],
      "suites": [
        {
          "uuid": "584e9919-e2d9-48f9-9ee2-03a8d8d437af",
          "title": "Viewport",
          "fullFile": "",
          "file": "",
          "beforeHooks": [],
          "afterHooks": [],
          "tests": [
            {
              "title": "cy.viewport() - set the viewport size and dimension",
              "fullTitle": "Viewport cy.viewport() - set the viewport size and dimension",
              "timedOut": null,
              "duration": 5438,
              "state": "passed",
              "speed": "slow",
              "pass": true,
              "fail": false,
              "pending": false,
              "context": null,
              "code": "// https://on.cypress.io/viewport\ncy.get('#navbar').should('be.visible');\ncy.viewport(320, 480); // the navbar should have collapse since our screen is smaller\ncy.get('#navbar').should('not.be.visible');\ncy.get('.navbar-toggle').should('be.visible').click();\ncy.get('.nav').find('a').should('be.visible'); // lets see what our app looks like on a super large screen\ncy.viewport(2999, 2999); // cy.viewport() accepts a set of preset sizes\n// to easily set the screen to a device's width and height\n// We added a cy.wait() between each viewport change so you can see\n// the change otherwise it is a little too fast to see :)\ncy.viewport('macbook-15');\ncy.wait(200);\ncy.viewport('macbook-13');\ncy.wait(200);\ncy.viewport('macbook-11');\ncy.wait(200);\ncy.viewport('ipad-2');\ncy.wait(200);\ncy.viewport('ipad-mini');\ncy.wait(200);\ncy.viewport('iphone-6+');\ncy.wait(200);\ncy.viewport('iphone-6');\ncy.wait(200);\ncy.viewport('iphone-5');\ncy.wait(200);\ncy.viewport('iphone-4');\ncy.wait(200);\ncy.viewport('iphone-3');\ncy.wait(200); // cy.viewport() accepts an orientation for all presets\n// the default orientation is 'portrait'\ncy.viewport('ipad-2', 'portrait');\ncy.wait(200);\ncy.viewport('iphone-4', 'landscape');\ncy.wait(200); // The viewport will be reset back to the default dimensions\n// in between tests (the  default can be set in cypress.json)",
              "err": {},
              "uuid": "5697e794-91ba-4ba3-a380-711523a0c4f5",
              "parentUUID": "584e9919-e2d9-48f9-9ee2-03a8d8d437af",
              "isHook": false,
              "skipped": false
            }
          ],
          "suites": [],
          "passes": [
            "5697e794-91ba-4ba3-a380-711523a0c4f5"
          ],
          "failures": [],
          "pending": [],
          "skipped": [],
          "duration": 5438,
          "root": false,
          "rootEmpty": false,
          "_timeout": 2000
        }
      ],
      "passes": [],
      "failures": [],
      "pending": [],
      "skipped": [],
      "duration": 0,
      "root": true,
      "rootEmpty": true,
      "_timeout": 2000
    }
  ],
  "meta": {
    "mocha": {
      "version": "6.2.2"
    },
    "mochawesome": {
      "options": {
        "quiet": false,
        "reportFilename": "mochawesome",
        "saveHtml": false,
        "saveJson": true,
        "consoleReporter": "spec",
        "useInlineDiffs": false
      },
      "version": "4.1.0"
    },
    "marge": {
      "options": {
        "id": "default",
        "reportDir": "cypress/reports/mocha",
        "quite": true,
        "overwrite": false,
        "html": false,
        "json": true
      },
      "version": "4.0.1"
    }
  }
}