{
  "stats": {
    "suites": 1,
    "tests": 1,
    "passes": 1,
    "pending": 0,
    "failures": 0,
    "start": "2020-12-21T08:12:33.760Z",
    "end": "2020-12-21T08:13:03.340Z",
    "duration": 29580,
    "testsRegistered": 1,
    "passPercent": 100,
    "pendingPercent": 0,
    "other": 0,
    "hasOther": false,
    "skipped": 0,
    "hasSkipped": false
  },
  "results": [
    {
      "uuid": "4214a7bc-6a87-4e20-a38f-0a04cb691459",
      "title": "",
      "fullFile": "cypress\\integration\\PageObjects\\PageObjectPatternDemo.spec.js",
      "file": "cypress\\integration\\PageObjects\\PageObjectPatternDemo.spec.js",
      "beforeHooks": [],
      "afterHooks": [],
      "tests": [],
      "suites": [
        {
          "uuid": "a92d7b7e-1a7e-47a5-a998-1938bbba8423",
          "title": "describe block",
          "fullFile": "",
          "file": "",
          "beforeHooks": [],
          "afterHooks": [],
          "tests": [
            {
              "title": "it block",
              "fullTitle": "describe block it block",
              "timedOut": null,
              "duration": 24135,
              "state": "passed",
              "speed": "slow",
              "pass": true,
              "fail": false,
              "pending": false,
              "context": null,
              "code": "var lp = new _LoginPage[\"default\"]();\nlp.visit();\nlp.fillEmail('admin@yourstore.com');\nlp.fillPassword('admin');\nlp.submit();\ncy.title().should('be.equal', 'Dashboard / nopCommerce administration');",
              "err": {},
              "uuid": "79a26688-e664-45c2-b5f8-c305233cb6ae",
              "parentUUID": "a92d7b7e-1a7e-47a5-a998-1938bbba8423",
              "isHook": false,
              "skipped": false
            }
          ],
          "suites": [],
          "passes": [
            "79a26688-e664-45c2-b5f8-c305233cb6ae"
          ],
          "failures": [],
          "pending": [],
          "skipped": [],
          "duration": 24135,
          "root": false,
          "rootEmpty": false,
          "_timeout": 2000
        }
      ],
      "passes": [],
      "failures": [],
      "pending": [],
      "skipped": [],
      "duration": 0,
      "root": true,
      "rootEmpty": true,
      "_timeout": 2000
    }
  ],
  "meta": {
    "mocha": {
      "version": "6.2.3"
    },
    "mochawesome": {
      "options": {
        "quiet": false,
        "reportFilename": "mochawesome",
        "saveHtml": false,
        "saveJson": true,
        "consoleReporter": "spec",
        "useInlineDiffs": false
      },
      "version": "4.1.0"
    },
    "marge": {
      "options": {
        "id": "default",
        "reportDir": "cypress/reports/mocha",
        "quite": true,
        "overwrite": false,
        "html": false,
        "json": true
      },
      "version": "4.1.0"
    }
  }
}