{
  "stats": {
    "suites": 1,
    "tests": 1,
    "passes": 1,
    "pending": 0,
    "failures": 0,
    "start": "2020-02-29T05:32:50.326Z",
    "end": "2020-02-29T05:33:12.592Z",
    "duration": 22266,
    "testsRegistered": 1,
    "passPercent": 100,
    "pendingPercent": 0,
    "other": 0,
    "hasOther": false,
    "skipped": 0,
    "hasSkipped": false
  },
  "results": [
    {
      "uuid": "d0687744-a585-48ec-ab53-06103edde47f",
      "title": "",
      "fullFile": "",
      "file": "",
      "beforeHooks": [],
      "afterHooks": [],
      "tests": [],
      "suites": [
        {
          "uuid": "7743363d-4ef0-4377-8670-4ebcf6fc105e",
          "title": "Name of the group",
          "fullFile": "",
          "file": "",
          "beforeHooks": [],
          "afterHooks": [],
          "tests": [
            {
              "title": "mytest",
              "fullTitle": "Name of the group mytest",
              "timedOut": null,
              "duration": 17087,
              "state": "passed",
              "speed": "slow",
              "pass": true,
              "fail": false,
              "pending": false,
              "context": null,
              "code": "cy.visit('https://admin-demo.nopcommerce.com/login');\ncy.get('input[name=Email]').type(this.data.email);\ncy.get('input[name=Password]').type(this.data.pwd);\ncy.get('input[type=submit]').click();",
              "err": {},
              "uuid": "4b01c8b4-3433-4569-b203-4474ec7e5e3c",
              "parentUUID": "7743363d-4ef0-4377-8670-4ebcf6fc105e",
              "isHook": false,
              "skipped": false
            }
          ],
          "suites": [],
          "passes": [
            "4b01c8b4-3433-4569-b203-4474ec7e5e3c"
          ],
          "failures": [],
          "pending": [],
          "skipped": [],
          "duration": 17087,
          "root": false,
          "rootEmpty": false,
          "_timeout": 2000
        }
      ],
      "passes": [],
      "failures": [],
      "pending": [],
      "skipped": [],
      "duration": 0,
      "root": true,
      "rootEmpty": true,
      "_timeout": 2000
    }
  ],
  "meta": {
    "mocha": {
      "version": "6.2.2"
    },
    "mochawesome": {
      "options": {
        "quiet": false,
        "reportFilename": "mochawesome",
        "saveHtml": false,
        "saveJson": true,
        "consoleReporter": "spec",
        "useInlineDiffs": false
      },
      "version": "4.1.0"
    },
    "marge": {
      "options": {
        "id": "default",
        "reportDir": "cypress/reports/mocha",
        "quite": true,
        "overwrite": false,
        "html": false,
        "json": true
      },
      "version": "4.0.1"
    }
  }
}