{
  "stats": {
    "suites": 1,
    "tests": 1,
    "passes": 0,
    "pending": 0,
    "failures": 1,
    "start": "2020-01-15T12:22:19.983Z",
    "end": "2020-01-15T12:22:32.402Z",
    "duration": 12419,
    "testsRegistered": 1,
    "passPercent": 0,
    "pendingPercent": 0,
    "other": 0,
    "hasOther": false,
    "skipped": 0,
    "hasSkipped": false
  },
  "results": [
    {
      "uuid": "d7354ffd-9a51-4b67-9d29-2e2381906e53",
      "title": "",
      "fullFile": "",
      "file": "",
      "beforeHooks": [],
      "afterHooks": [],
      "tests": [],
      "suites": [
        {
          "uuid": "f0a5d76f-e10b-41fc-beae-55d75e40eb6e",
          "title": "MyTestSuite",
          "fullFile": "",
          "file": "",
          "beforeHooks": [],
          "afterHooks": [],
          "tests": [
            {
              "title": "Table Test",
              "fullTitle": "MyTestSuite Table Test",
              "timedOut": null,
              "duration": 9134,
              "state": "failed",
              "speed": null,
              "pass": false,
              "fail": true,
              "pending": false,
              "context": null,
              "code": "cy.visit('http://testautomationpractice.blogspot.com/');\ncy.get('table[name=\"BookTable\"]').contains('Learn Selenium').should('be.visible'); // #HTML1 > div.widget-content > table > tbody > tr:nth-child(2) > td:nth-child(2)\ncy.get('table[name=\"BookTable\"]> tbody > tr td:nth-child(2)').each(function ($e, index, $list) {\n  var text = $e.text();\n  if (text.includes('Amit')) {\n    cy.get('table[name=\"BookTable\"]> tbody > tr td:nth-child(1)').eq(index).then(function (bname) {\n      var bookname = bname.text();\n      expect(bname).to.equal('Learn Selenium');\n    });\n  }\n});",
              "err": {
                "message": "AssertionError: expected '<td>' to equal 'Learn Selenium'",
                "estack": "AssertionError: expected '<td>' to equal 'Learn Selenium'\n    at getRet (http://testautomationpractice.blogspot.com/__cypress/runner/cypress_runner.js:89187:16)\n    at tryCatcher (http://testautomationpractice.blogspot.com/__cypress/runner/cypress_runner.js:139407:23)\n    at Function.Promise.attempt.Promise.try (http://testautomationpractice.blogspot.com/__cypress/runner/cypress_runner.js:136682:29)\n    at Context.thenFn (http://testautomationpractice.blogspot.com/__cypress/runner/cypress_runner.js:89201:23)\n    at Context.then (http://testautomationpractice.blogspot.com/__cypress/runner/cypress_runner.js:89525:21)\n    at Context.<anonymous> (http://testautomationpractice.blogspot.com/__cypress/runner/cypress_runner.js:100860:21)\n    at http://testautomationpractice.blogspot.com/__cypress/runner/cypress_runner.js:100381:33\n    at tryCatcher (http://testautomationpractice.blogspot.com/__cypress/runner/cypress_runner.js:139407:23)\n    at Promise._settlePromiseFromHandler (http://testautomationpractice.blogspot.com/__cypress/runner/cypress_runner.js:137343:31)\n    at Promise._settlePromise (http://testautomationpractice.blogspot.com/__cypress/runner/cypress_runner.js:137400:18)\n    at Promise._settlePromiseCtx (http://testautomationpractice.blogspot.com/__cypress/runner/cypress_runner.js:137437:10)\n    at Async../node_modules/bluebird/js/release/async.js.Async._drainQueue (http://testautomationpractice.blogspot.com/__cypress/runner/cypress_runner.js:134137:12)\n    at Async../node_modules/bluebird/js/release/async.js.Async._drainQueues (http://testautomationpractice.blogspot.com/__cypress/runner/cypress_runner.js:134142:10)\n    at Async.drainQueues (http://testautomationpractice.blogspot.com/__cypress/runner/cypress_runner.js:134016:14)",
                "diff": null
              },
              "uuid": "cf813916-92e0-41bc-9d64-ff1a0f806966",
              "parentUUID": "f0a5d76f-e10b-41fc-beae-55d75e40eb6e",
              "isHook": false,
              "skipped": false
            }
          ],
          "suites": [],
          "passes": [],
          "failures": [
            "cf813916-92e0-41bc-9d64-ff1a0f806966"
          ],
          "pending": [],
          "skipped": [],
          "duration": 9134,
          "root": false,
          "rootEmpty": false,
          "_timeout": 2000
        }
      ],
      "passes": [],
      "failures": [],
      "pending": [],
      "skipped": [],
      "duration": 0,
      "root": true,
      "rootEmpty": true,
      "_timeout": 2000
    }
  ],
  "meta": {
    "mocha": {
      "version": "6.2.2"
    },
    "mochawesome": {
      "options": {
        "quiet": false,
        "reportFilename": "mochawesome",
        "saveHtml": false,
        "saveJson": true,
        "consoleReporter": "spec",
        "useInlineDiffs": false
      },
      "version": "4.1.0"
    },
    "marge": {
      "options": {
        "id": "default",
        "reportDir": "cypress/reports/mocha",
        "quite": true,
        "overwrite": false,
        "html": false,
        "json": true
      },
      "version": "4.0.1"
    }
  }
}