{
  "stats": {
    "suites": 1,
    "tests": 4,
    "passes": 4,
    "pending": 0,
    "failures": 0,
    "start": "2020-01-06T07:53:44.979Z",
    "end": "2020-01-06T07:53:54.311Z",
    "duration": 9332,
    "testsRegistered": 4,
    "passPercent": 100,
    "pendingPercent": 0,
    "other": 0,
    "hasOther": false,
    "skipped": 0,
    "hasSkipped": false
  },
  "results": [
    {
      "uuid": "e1345472-2b84-4658-9629-b7f8b5a5350e",
      "title": "",
      "fullFile": "",
      "file": "",
      "beforeHooks": [],
      "afterHooks": [],
      "tests": [],
      "suites": [
        {
          "uuid": "092d6903-8f86-4ccb-8180-17319139e007",
          "title": "Files",
          "fullFile": "",
          "file": "",
          "beforeHooks": [],
          "afterHooks": [],
          "tests": [
            {
              "title": "cy.fixture() - load a fixture",
              "fullTitle": "Files cy.fixture() - load a fixture",
              "timedOut": null,
              "duration": 2541,
              "state": "passed",
              "speed": "slow",
              "pass": true,
              "fail": false,
              "pending": false,
              "context": null,
              "code": "// https://on.cypress.io/fixture\n// Instead of writing a response inline you can\n// use a fixture file's content.\ncy.server();\ncy.fixture('example.json').as('comment'); // when application makes an Ajax request matching \"GET comments/*\"\n// Cypress will intercept it and reply with object\n// from the \"comment\" alias\ncy.route('GET', 'comments/*', '@comment').as('getComment'); // we have code that gets a comment when\n// the button is clicked in scripts.js\ncy.get('.fixture-btn').click();\ncy.wait('@getComment').its('responseBody').should('have.property', 'name').and('include', 'Using fixtures to represent data'); // you can also just write the fixture in the route\ncy.route('GET', 'comments/*', 'fixture:example.json').as('getComment'); // we have code that gets a comment when\n// the button is clicked in scripts.js\ncy.get('.fixture-btn').click();\ncy.wait('@getComment').its('responseBody').should('have.property', 'name').and('include', 'Using fixtures to represent data'); // or write fx to represent fixture\n// by default it assumes it's .json\ncy.route('GET', 'comments/*', 'fx:example').as('getComment'); // we have code that gets a comment when\n// the button is clicked in scripts.js\ncy.get('.fixture-btn').click();\ncy.wait('@getComment').its('responseBody').should('have.property', 'name').and('include', 'Using fixtures to represent data');",
              "err": {},
              "uuid": "28fb6043-0598-427e-9638-77eb2fcc1ffc",
              "parentUUID": "092d6903-8f86-4ccb-8180-17319139e007",
              "isHook": false,
              "skipped": false
            },
            {
              "title": "cy.fixture() or require - load a fixture",
              "fullTitle": "Files cy.fixture() or require - load a fixture",
              "timedOut": null,
              "duration": 1029,
              "state": "passed",
              "speed": "slow",
              "pass": true,
              "fail": false,
              "pending": false,
              "context": null,
              "code": "// we are inside the \"function () { ... }\"\n// callback and can use test context object \"this\"\n// \"this.example\" was loaded in \"beforeEach\" function callback\nexpect(this.example, 'fixture in the test context').to.deep.equal(requiredExample); // or use \"cy.wrap\" and \"should('deep.equal', ...)\" assertion\n// @ts-ignore\ncy.wrap(this.example, 'fixture vs require').should('deep.equal', requiredExample);",
              "err": {},
              "uuid": "ca010186-f7d4-4ccf-af51-dc15c6719c48",
              "parentUUID": "092d6903-8f86-4ccb-8180-17319139e007",
              "isHook": false,
              "skipped": false
            },
            {
              "title": "cy.readFile() - read a files contents",
              "fullTitle": "Files cy.readFile() - read a files contents",
              "timedOut": null,
              "duration": 662,
              "state": "passed",
              "speed": "slow",
              "pass": true,
              "fail": false,
              "pending": false,
              "context": null,
              "code": "// https://on.cypress.io/readfile\n// You can read a file and yield its contents\n// The filePath is relative to your project's root.\ncy.readFile('cypress.json').then(function (json) {\n  expect(json).to.be.an('object');\n});",
              "err": {},
              "uuid": "4b281693-c500-4137-933c-eaa10dc2ca2d",
              "parentUUID": "092d6903-8f86-4ccb-8180-17319139e007",
              "isHook": false,
              "skipped": false
            },
            {
              "title": "cy.writeFile() - write to a file",
              "fullTitle": "Files cy.writeFile() - write to a file",
              "timedOut": null,
              "duration": 1878,
              "state": "passed",
              "speed": "slow",
              "pass": true,
              "fail": false,
              "pending": false,
              "context": null,
              "code": "// https://on.cypress.io/writefile\n// You can write to a file\n// Use a response from a request to automatically\n// generate a fixture file for use later\ncy.request('https://jsonplaceholder.cypress.io/users').then(function (response) {\n  cy.writeFile('cypress/fixtures/users.json', response.body);\n});\ncy.fixture('users').should(function (users) {\n  expect(users[0].name).to.exist;\n}); // JavaScript arrays and objects are stringified\n// and formatted into text.\ncy.writeFile('cypress/fixtures/profile.json', {\n  id: 8739,\n  name: 'Jane',\n  email: 'jane@example.com'\n});\ncy.fixture('profile').should(function (profile) {\n  expect(profile.name).to.eq('Jane');\n});",
              "err": {},
              "uuid": "76f533cf-bba0-4d79-960c-74d67d2eebd4",
              "parentUUID": "092d6903-8f86-4ccb-8180-17319139e007",
              "isHook": false,
              "skipped": false
            }
          ],
          "suites": [],
          "passes": [
            "28fb6043-0598-427e-9638-77eb2fcc1ffc",
            "ca010186-f7d4-4ccf-af51-dc15c6719c48",
            "4b281693-c500-4137-933c-eaa10dc2ca2d",
            "76f533cf-bba0-4d79-960c-74d67d2eebd4"
          ],
          "failures": [],
          "pending": [],
          "skipped": [],
          "duration": 6110,
          "root": false,
          "rootEmpty": false,
          "_timeout": 2000
        }
      ],
      "passes": [],
      "failures": [],
      "pending": [],
      "skipped": [],
      "duration": 0,
      "root": true,
      "rootEmpty": true,
      "_timeout": 2000
    }
  ],
  "meta": {
    "mocha": {
      "version": "6.2.2"
    },
    "mochawesome": {
      "options": {
        "quiet": false,
        "reportFilename": "mochawesome",
        "saveHtml": false,
        "saveJson": true,
        "consoleReporter": "spec",
        "useInlineDiffs": false
      },
      "version": "4.1.0"
    },
    "marge": {
      "options": {
        "id": "default",
        "reportDir": "cypress/reports/mocha",
        "quite": true,
        "overwrite": false,
        "html": false,
        "json": true
      },
      "version": "4.0.1"
    }
  }
}