{
  "stats": {
    "suites": 1,
    "tests": 1,
    "passes": 1,
    "pending": 0,
    "failures": 0,
    "start": "2020-03-03T17:07:01.239Z",
    "end": "2020-03-03T17:08:23.180Z",
    "duration": 81941,
    "testsRegistered": 1,
    "passPercent": 100,
    "pendingPercent": 0,
    "other": 0,
    "hasOther": false,
    "skipped": 0,
    "hasSkipped": false
  },
  "results": [
    {
      "uuid": "f53698aa-d537-43fd-9296-d3ad3ad5517e",
      "title": "",
      "fullFile": "",
      "file": "",
      "beforeHooks": [],
      "afterHooks": [],
      "tests": [],
      "suites": [
        {
          "uuid": "f53db127-8f3e-4259-bebf-d219fb7f9429",
          "title": "describe block",
          "fullFile": "",
          "file": "",
          "beforeHooks": [],
          "afterHooks": [],
          "tests": [
            {
              "title": "it block",
              "fullTitle": "describe block it block",
              "timedOut": null,
              "duration": 70449,
              "state": "passed",
              "speed": "slow",
              "pass": true,
              "fail": false,
              "pending": false,
              "context": null,
              "code": "var lp = new _LoginPage[\"default\"]();\nlp.visit();\nlp.fillEmail('admin@yourstore.com');\nlp.fillPassword('admin');\nlp.submit();\ncy.title().should('be.equal', 'Dashboard / nopCommerce administration');",
              "err": {},
              "uuid": "024257c8-19ef-44de-aed7-3c0bd8b8f083",
              "parentUUID": "f53db127-8f3e-4259-bebf-d219fb7f9429",
              "isHook": false,
              "skipped": false
            }
          ],
          "suites": [],
          "passes": [
            "024257c8-19ef-44de-aed7-3c0bd8b8f083"
          ],
          "failures": [],
          "pending": [],
          "skipped": [],
          "duration": 70449,
          "root": false,
          "rootEmpty": false,
          "_timeout": 2000
        }
      ],
      "passes": [],
      "failures": [],
      "pending": [],
      "skipped": [],
      "duration": 0,
      "root": true,
      "rootEmpty": true,
      "_timeout": 2000
    }
  ],
  "meta": {
    "mocha": {
      "version": "6.2.2"
    },
    "mochawesome": {
      "options": {
        "quiet": false,
        "reportFilename": "mochawesome",
        "saveHtml": false,
        "saveJson": true,
        "consoleReporter": "spec",
        "useInlineDiffs": false
      },
      "version": "4.1.0"
    },
    "marge": {
      "options": {
        "id": "default",
        "reportDir": "cypress/reports/mocha",
        "quite": true,
        "overwrite": false,
        "html": false,
        "json": true
      },
      "version": "4.0.1"
    }
  }
}