{
  "stats": {
    "suites": 1,
    "tests": 4,
    "passes": 4,
    "pending": 0,
    "failures": 0,
    "start": "2020-01-06T07:28:49.643Z",
    "end": "2020-01-06T07:28:58.882Z",
    "duration": 9239,
    "testsRegistered": 4,
    "passPercent": 100,
    "pendingPercent": 0,
    "other": 0,
    "hasOther": false,
    "skipped": 0,
    "hasSkipped": false
  },
  "results": [
    {
      "uuid": "0f615fdd-66b4-491c-9515-8c78f0261978",
      "title": "",
      "fullFile": "",
      "file": "",
      "beforeHooks": [],
      "afterHooks": [],
      "tests": [],
      "suites": [
        {
          "uuid": "1617f54c-1350-4de6-b463-e6c50f1d9f35",
          "title": "Files",
          "fullFile": "",
          "file": "",
          "beforeHooks": [],
          "afterHooks": [],
          "tests": [
            {
              "title": "cy.fixture() - load a fixture",
              "fullTitle": "Files cy.fixture() - load a fixture",
              "timedOut": null,
              "duration": 2350,
              "state": "passed",
              "speed": "slow",
              "pass": true,
              "fail": false,
              "pending": false,
              "context": null,
              "code": "// https://on.cypress.io/fixture\n// Instead of writing a response inline you can\n// use a fixture file's content.\ncy.server();\ncy.fixture('example.json').as('comment'); // when application makes an Ajax request matching \"GET comments/*\"\n// Cypress will intercept it and reply with object\n// from the \"comment\" alias\ncy.route('GET', 'comments/*', '@comment').as('getComment'); // we have code that gets a comment when\n// the button is clicked in scripts.js\ncy.get('.fixture-btn').click();\ncy.wait('@getComment').its('responseBody').should('have.property', 'name').and('include', 'Using fixtures to represent data'); // you can also just write the fixture in the route\ncy.route('GET', 'comments/*', 'fixture:example.json').as('getComment'); // we have code that gets a comment when\n// the button is clicked in scripts.js\ncy.get('.fixture-btn').click();\ncy.wait('@getComment').its('responseBody').should('have.property', 'name').and('include', 'Using fixtures to represent data'); // or write fx to represent fixture\n// by default it assumes it's .json\ncy.route('GET', 'comments/*', 'fx:example').as('getComment'); // we have code that gets a comment when\n// the button is clicked in scripts.js\ncy.get('.fixture-btn').click();\ncy.wait('@getComment').its('responseBody').should('have.property', 'name').and('include', 'Using fixtures to represent data');",
              "err": {},
              "uuid": "d4bc7f38-9233-4674-9e20-9f98a2419e5e",
              "parentUUID": "1617f54c-1350-4de6-b463-e6c50f1d9f35",
              "isHook": false,
              "skipped": false
            },
            {
              "title": "cy.fixture() or require - load a fixture",
              "fullTitle": "Files cy.fixture() or require - load a fixture",
              "timedOut": null,
              "duration": 788,
              "state": "passed",
              "speed": "slow",
              "pass": true,
              "fail": false,
              "pending": false,
              "context": null,
              "code": "// we are inside the \"function () { ... }\"\n// callback and can use test context object \"this\"\n// \"this.example\" was loaded in \"beforeEach\" function callback\nexpect(this.example, 'fixture in the test context').to.deep.equal(requiredExample); // or use \"cy.wrap\" and \"should('deep.equal', ...)\" assertion\n// @ts-ignore\ncy.wrap(this.example, 'fixture vs require').should('deep.equal', requiredExample);",
              "err": {},
              "uuid": "b597e613-a67c-48f6-a722-2ae0e2765a28",
              "parentUUID": "1617f54c-1350-4de6-b463-e6c50f1d9f35",
              "isHook": false,
              "skipped": false
            },
            {
              "title": "cy.readFile() - read a files contents",
              "fullTitle": "Files cy.readFile() - read a files contents",
              "timedOut": null,
              "duration": 674,
              "state": "passed",
              "speed": "slow",
              "pass": true,
              "fail": false,
              "pending": false,
              "context": null,
              "code": "// https://on.cypress.io/readfile\n// You can read a file and yield its contents\n// The filePath is relative to your project's root.\ncy.readFile('cypress.json').then(function (json) {\n  expect(json).to.be.an('object');\n});",
              "err": {},
              "uuid": "fb07ea3b-2a97-46ed-a80f-7847a3ff6734",
              "parentUUID": "1617f54c-1350-4de6-b463-e6c50f1d9f35",
              "isHook": false,
              "skipped": false
            },
            {
              "title": "cy.writeFile() - write to a file",
              "fullTitle": "Files cy.writeFile() - write to a file",
              "timedOut": null,
              "duration": 2046,
              "state": "passed",
              "speed": "slow",
              "pass": true,
              "fail": false,
              "pending": false,
              "context": null,
              "code": "// https://on.cypress.io/writefile\n// You can write to a file\n// Use a response from a request to automatically\n// generate a fixture file for use later\ncy.request('https://jsonplaceholder.cypress.io/users').then(function (response) {\n  cy.writeFile('cypress/fixtures/users.json', response.body);\n});\ncy.fixture('users').should(function (users) {\n  expect(users[0].name).to.exist;\n}); // JavaScript arrays and objects are stringified\n// and formatted into text.\ncy.writeFile('cypress/fixtures/profile.json', {\n  id: 8739,\n  name: 'Jane',\n  email: 'jane@example.com'\n});\ncy.fixture('profile').should(function (profile) {\n  expect(profile.name).to.eq('Jane');\n});",
              "err": {},
              "uuid": "d085b4e6-4f7e-4bd1-9835-451b9b1cf778",
              "parentUUID": "1617f54c-1350-4de6-b463-e6c50f1d9f35",
              "isHook": false,
              "skipped": false
            }
          ],
          "suites": [],
          "passes": [
            "d4bc7f38-9233-4674-9e20-9f98a2419e5e",
            "b597e613-a67c-48f6-a722-2ae0e2765a28",
            "fb07ea3b-2a97-46ed-a80f-7847a3ff6734",
            "d085b4e6-4f7e-4bd1-9835-451b9b1cf778"
          ],
          "failures": [],
          "pending": [],
          "skipped": [],
          "duration": 5858,
          "root": false,
          "rootEmpty": false,
          "_timeout": 2000
        }
      ],
      "passes": [],
      "failures": [],
      "pending": [],
      "skipped": [],
      "duration": 0,
      "root": true,
      "rootEmpty": true,
      "_timeout": 2000
    }
  ],
  "meta": {
    "mocha": {
      "version": "6.2.2"
    },
    "mochawesome": {
      "options": {
        "quiet": false,
        "reportFilename": "mochawesome",
        "saveHtml": false,
        "saveJson": true,
        "consoleReporter": "spec",
        "useInlineDiffs": false
      },
      "version": "4.1.0"
    },
    "marge": {
      "options": {
        "id": "default",
        "reportDir": "cypress/reports/mocha",
        "quite": true,
        "overwrite": false,
        "html": false,
        "json": true
      },
      "version": "4.0.1"
    }
  }
}