{
  "stats": {
    "suites": 1,
    "tests": 1,
    "passes": 1,
    "pending": 0,
    "failures": 0,
    "start": "2020-01-09T06:40:18.327Z",
    "end": "2020-01-09T06:40:35.969Z",
    "duration": 17642,
    "testsRegistered": 1,
    "passPercent": 100,
    "pendingPercent": 0,
    "other": 0,
    "hasOther": false,
    "skipped": 0,
    "hasSkipped": false
  },
  "results": [
    {
      "uuid": "3fe9175b-aed7-4c71-9127-6907484d9474",
      "title": "",
      "fullFile": "",
      "file": "",
      "beforeHooks": [],
      "afterHooks": [],
      "tests": [],
      "suites": [
        {
          "uuid": "c3cb0ec9-aed5-49a6-8da4-b608539e099c",
          "title": "describe block",
          "fullFile": "",
          "file": "",
          "beforeHooks": [],
          "afterHooks": [],
          "tests": [
            {
              "title": "it block",
              "fullTitle": "describe block it block",
              "timedOut": null,
              "duration": 14022,
              "state": "passed",
              "speed": "slow",
              "pass": true,
              "fail": false,
              "pending": false,
              "context": null,
              "code": "var lp = new _LoginPage.default();\nlp.visit();\nlp.fillEmail('admin@yourstore.com');\nlp.fillPassword('admin');\nlp.submit();\ncy.title().should('be.equal', 'Dashboard / nopCommerce administration');",
              "err": {},
              "uuid": "49432e99-c695-4499-bbf5-7c865090f7bb",
              "parentUUID": "c3cb0ec9-aed5-49a6-8da4-b608539e099c",
              "isHook": false,
              "skipped": false
            }
          ],
          "suites": [],
          "passes": [
            "49432e99-c695-4499-bbf5-7c865090f7bb"
          ],
          "failures": [],
          "pending": [],
          "skipped": [],
          "duration": 14022,
          "root": false,
          "rootEmpty": false,
          "_timeout": 2000
        }
      ],
      "passes": [],
      "failures": [],
      "pending": [],
      "skipped": [],
      "duration": 0,
      "root": true,
      "rootEmpty": true,
      "_timeout": 2000
    }
  ],
  "meta": {
    "mocha": {
      "version": "6.2.2"
    },
    "mochawesome": {
      "options": {
        "quiet": false,
        "reportFilename": "mochawesome",
        "saveHtml": false,
        "saveJson": true,
        "consoleReporter": "spec",
        "useInlineDiffs": false
      },
      "version": "4.1.0"
    },
    "marge": {
      "options": {
        "id": "default",
        "reportDir": "cypress/reports/mocha",
        "quite": true,
        "overwrite": false,
        "html": false,
        "json": true
      },
      "version": "4.0.1"
    }
  }
}